<?xml version="1.0" encoding="UTF-8"?>
<!-- Generated by org.testng.reporters.JUnitXMLReporter -->
<testsuite hostname="HAMZA" ignored="1" name="folder1" tests="3" failures="1" timestamp="18 Feb 2019 14:22:45 GMT" time="0.117" errors="0">
  <testcase name="CreditcardDept" time="0.02" classname="basic.TestNG6"/>
  <testcase name="HealthcardDept" time="0.0" classname="basic.TestNG6">
    <failure type="org.testng.TestNGException" message="
Cannot inject @Test annotated Method [HealthcardDept] with [class java.lang.String].
For more information on native dependency injection please refer to http://testng.org/doc/documentation-main.html#native-dependency-injection">
      <![CDATA[org.testng.TestNGException: 
Cannot inject @Test annotated Method [HealthcardDept] with [class java.lang.String].
For more information on native dependency injection please refer to http://testng.org/doc/documentation-main.html#native-dependency-injection
... Removed 24 stack frames]]>
    </failure>
  </testcase> <!-- HealthcardDept -->
  <testcase name="debitcardDept" time="0.012" classname="basic.TestNG6"/>
  <testcase name="aftertest4" time="0.0" classname="basic.TestNG6">
    <ignored/>
  </testcase> <!-- aftertest4 -->
</testsuite> <!-- folder1 -->
