<?xml version="1.0" encoding="UTF-8"?>
<!-- Generated by org.testng.reporters.JUnitXMLReporter -->
<testsuite hostname="HAMZA" ignored="0" name="Test" tests="8" failures="1" timestamp="11 Sep 2019 11:02:44 GMT" time="304.32" errors="0">
  <testcase name="opensite" time="16.4" classname="sirmayaCRM.Main_Test"/>
  <testcase name="invalidcredentials" time="3.243" classname="sirmayaCRM.Main_Test"/>
  <testcase name="validcredentials" time="5.562" classname="sirmayaCRM.Main_Test"/>
  <testcase name="Searchingclient" time="84.213" classname="sirmayaCRM.Main_Test"/>
  <testcase name="clientadding_checks" time="46.397" classname="sirmayaCRM.Main_Test"/>
  <testcase name="addleads_checks" time="95.95" classname="sirmayaCRM.Main_Test"/>
  <testcase name="updateclient_checks" time="30.574" classname="sirmayaCRM.Main_Test"/>
  <testcase name="addleads_fromsidemenu_button_checks" time="8.463" classname="sirmayaCRM.Main_Test">
    <failure type="java.lang.NullPointerException">
      <![CDATA[java.lang.NullPointerException
at sirmayaCRM.Addnewlead_listingpage_Test.addnewlead_fromclientslisting(Addnewlead_listingpage_Test.java:39)
at sirmayaCRM.Main_Test.addleads_fromsidemenu_button_checks(Main_Test.java:178)
... Removed 25 stack frames]]>
    </failure>
  </testcase> <!-- addleads_fromsidemenu_button_checks -->
</testsuite> <!-- Test -->
