<?xml version="1.0" encoding="UTF-8"?>
<!-- Generated by org.testng.reporters.JUnitXMLReporter -->
<testsuite hostname="HAMZA" ignored="1" name="Test2" tests="3" failures="0" timestamp="18 Feb 2019 14:38:04 GMT" time="0.128" errors="0">
  <testcase name="LealthcardDept" time="0.008" classname="basic.TestNG5"/>
  <testcase name="debitcardDept" time="0.044" classname="basic.TestNG5"/>
  <testcase name="CreditcardDept" time="0.012" classname="basic.TestNG5"/>
  <testcase name="aftertest4" time="0.0" classname="basic.TestNG5">
    <ignored/>
  </testcase> <!-- aftertest4 -->
</testsuite> <!-- Test2 -->
