<?xml version="1.0" encoding="UTF-8"?>
<!-- Generated by org.testng.reporters.JUnitXMLReporter -->
<testsuite hostname="HAMZA" ignored="0" name="Testcase1-2" tests="3" failures="0" timestamp="19 Feb 2019 11:42:28 GMT" time="0.254" errors="0">
  <testcase name="@BeforeTest beforetestcase" time="0.01" classname="basic.TestNG1">
    <failure type="java.lang.AssertionError" message="expected [true] but found [false]">
      <![CDATA[java.lang.AssertionError: expected [true] but found [false]
at basic.TestNG1.beforetestcase(TestNG1.java:32)
... Removed 28 stack frames]]>
    </failure>
  </testcase> <!-- @BeforeTest beforetestcase -->
  <testcase name="@AfterTest Aftertest2" time="0.0" classname="basic.TestNG2">
    <skipped/>
  </testcase> <!-- @AfterTest Aftertest2 -->
  <testcase name="testcase1" time="0.0" classname="basic.TestNG1">
    <skipped/>
  </testcase> <!-- testcase1 -->
  <testcase name="testcase2" time="0.0" classname="basic.TestNG1">
    <skipped/>
  </testcase> <!-- testcase2 -->
  <testcase name="testcase3" time="0.0" classname="basic.TestNG2">
    <skipped/>
  </testcase> <!-- testcase3 -->
</testsuite> <!-- Testcase1-2 -->
