<?xml version="1.0" encoding="UTF-8"?>
<!-- Generated by org.testng.reporters.JUnitXMLReporter -->
<testsuite hostname="HAMZA" ignored="1" name="Testcase-4" tests="2" failures="0" timestamp="15 Feb 2019 13:21:36 GMT" time="0.026" errors="0">
  <testcase name="CreditcardDept" time="0.004" classname="basic.TestNG4"/>
  <testcase name="debitcardDept" time="0.009" classname="basic.TestNG4"/>
  <testcase name="HealthcardDept" time="0.0" classname="basic.TestNG4">
    <ignored/>
  </testcase> <!-- HealthcardDept -->
</testsuite> <!-- Testcase-4 -->
