<?xml version="1.0" encoding="UTF-8"?>
<!-- Generated by org.testng.reporters.JUnitXMLReporter -->
<testsuite hostname="HAMZA" ignored="4" name="Testcase-3-4" tests="2" failures="0" timestamp="19 Feb 2019 11:42:28 GMT" time="0.045" errors="0">
  <testcase name="CreditcardDept" time="0.01" classname="basic.TestNG4"/>
  <testcase name="debitcardDept" time="0.01" classname="basic.TestNG4"/>
  <testcase name="CardLoanDept" time="0.0" classname="basic.TestNG3">
    <ignored/>
  </testcase> <!-- CardLoanDept -->
  <testcase name="HomeLoanDept2" time="0.0" classname="basic.TestNG3">
    <ignored/>
  </testcase> <!-- HomeLoanDept2 -->
  <testcase name="HomeLoanDept1" time="0.0" classname="basic.TestNG3">
    <ignored/>
  </testcase> <!-- HomeLoanDept1 -->
  <testcase name="CarLoanDept" time="0.0" classname="basic.TestNG3">
    <ignored/>
  </testcase> <!-- CarLoanDept -->
</testsuite> <!-- Testcase-3-4 -->
