<?xml version="1.0" encoding="UTF-8"?>
<testng-results skipped="0" failed="1" ignored="0" total="8" passed="7">
  <reporter-output>
  </reporter-output>
  <suite name="Suite" duration-ms="304320" started-at="2019-09-11T10:57:39Z" finished-at="2019-09-11T11:02:44Z">
    <groups>
    </groups>
    <test name="Test" duration-ms="304320" started-at="2019-09-11T10:57:39Z" finished-at="2019-09-11T11:02:44Z">
      <class name="sirmayaCRM.Main_Test">
        <test-method status="PASS" signature="Initialsetup()[pri:0, instance:sirmayaCRM.Main_Test@50d0686]" name="Initialsetup" is-config="true" duration-ms="13330" started-at="2019-09-11T10:57:39Z" finished-at="2019-09-11T10:57:53Z">
          <reporter-output>
          </reporter-output>
        </test-method> <!-- Initialsetup -->
        <test-method status="PASS" signature="opensite(java.lang.String)[pri:1, instance:sirmayaCRM.Main_Test@50d0686]" name="opensite" duration-ms="16400" started-at="2019-09-11T10:57:53Z" finished-at="2019-09-11T10:58:09Z">
          <params>
            <param index="0">
              <value>
                <![CDATA[http://crm.sirmaya.com/login]]>
              </value>
            </param>
          </params>
          <reporter-output>
          </reporter-output>
        </test-method> <!-- opensite -->
        <test-method status="PASS" signature="invalidcredentials()[pri:2, instance:sirmayaCRM.Main_Test@50d0686]" name="invalidcredentials" duration-ms="3243" started-at="2019-09-11T10:58:09Z" finished-at="2019-09-11T10:58:12Z">
          <reporter-output>
          </reporter-output>
        </test-method> <!-- invalidcredentials -->
        <test-method status="PASS" signature="validcredentials()[pri:3, instance:sirmayaCRM.Main_Test@50d0686]" name="validcredentials" duration-ms="5562" started-at="2019-09-11T10:58:12Z" finished-at="2019-09-11T10:58:18Z">
          <reporter-output>
          </reporter-output>
        </test-method> <!-- validcredentials -->
        <test-method status="PASS" signature="Searchingclient()[pri:4, instance:sirmayaCRM.Main_Test@50d0686]" name="Searchingclient" duration-ms="84213" started-at="2019-09-11T10:58:18Z" finished-at="2019-09-11T10:59:42Z">
          <reporter-output>
          </reporter-output>
        </test-method> <!-- Searchingclient -->
        <test-method status="PASS" signature="clientadding_checks()[pri:5, instance:sirmayaCRM.Main_Test@50d0686]" name="clientadding_checks" duration-ms="46397" started-at="2019-09-11T10:59:42Z" finished-at="2019-09-11T11:00:29Z">
          <reporter-output>
          </reporter-output>
        </test-method> <!-- clientadding_checks -->
        <test-method status="PASS" signature="addleads_checks()[pri:6, instance:sirmayaCRM.Main_Test@50d0686]" name="addleads_checks" duration-ms="95950" started-at="2019-09-11T11:00:29Z" finished-at="2019-09-11T11:02:05Z">
          <reporter-output>
          </reporter-output>
        </test-method> <!-- addleads_checks -->
        <test-method status="PASS" signature="updateclient_checks()[pri:7, instance:sirmayaCRM.Main_Test@50d0686]" name="updateclient_checks" duration-ms="30574" started-at="2019-09-11T11:02:05Z" finished-at="2019-09-11T11:02:35Z">
          <reporter-output>
          </reporter-output>
        </test-method> <!-- updateclient_checks -->
        <test-method status="FAIL" signature="addleads_fromsidemenu_button_checks()[pri:8, instance:sirmayaCRM.Main_Test@50d0686]" name="addleads_fromsidemenu_button_checks" duration-ms="8463" started-at="2019-09-11T11:02:35Z" finished-at="2019-09-11T11:02:44Z">
          <exception class="java.lang.NullPointerException">
            <full-stacktrace>
              <![CDATA[java.lang.NullPointerException
at sirmayaCRM.Addnewlead_listingpage_Test.addnewlead_fromclientslisting(Addnewlead_listingpage_Test.java:39)
at sirmayaCRM.Main_Test.addleads_fromsidemenu_button_checks(Main_Test.java:178)
at sun.reflect.NativeMethodAccessorImpl.invoke0(Native Method)
at sun.reflect.NativeMethodAccessorImpl.invoke(NativeMethodAccessorImpl.java:62)
at sun.reflect.DelegatingMethodAccessorImpl.invoke(DelegatingMethodAccessorImpl.java:43)
at java.lang.reflect.Method.invoke(Method.java:498)
at org.testng.internal.MethodInvocationHelper.invokeMethod(MethodInvocationHelper.java:124)
at org.testng.internal.Invoker.invokeMethod(Invoker.java:580)
at org.testng.internal.Invoker.invokeTestMethod(Invoker.java:716)
at org.testng.internal.Invoker.invokeTestMethods(Invoker.java:988)
at org.testng.internal.TestMethodWorker.invokeTestMethods(TestMethodWorker.java:125)
at org.testng.internal.TestMethodWorker.run(TestMethodWorker.java:109)
at org.testng.TestRunner.privateRun(TestRunner.java:648)
at org.testng.TestRunner.run(TestRunner.java:505)
at org.testng.SuiteRunner.runTest(SuiteRunner.java:455)
at org.testng.SuiteRunner.runSequentially(SuiteRunner.java:450)
at org.testng.SuiteRunner.privateRun(SuiteRunner.java:415)
at org.testng.SuiteRunner.run(SuiteRunner.java:364)
at org.testng.SuiteRunnerWorker.runSuite(SuiteRunnerWorker.java:52)
at org.testng.SuiteRunnerWorker.run(SuiteRunnerWorker.java:84)
at org.testng.TestNG.runSuitesSequentially(TestNG.java:1208)
at org.testng.TestNG.runSuitesLocally(TestNG.java:1137)
at org.testng.TestNG.runSuites(TestNG.java:1049)
at org.testng.TestNG.run(TestNG.java:1017)
at org.testng.remote.AbstractRemoteTestNG.run(AbstractRemoteTestNG.java:114)
at org.testng.remote.RemoteTestNG.initAndRun(RemoteTestNG.java:251)
at org.testng.remote.RemoteTestNG.main(RemoteTestNG.java:77)
]]>
            </full-stacktrace>
          </exception> <!-- java.lang.NullPointerException -->
          <reporter-output>
          </reporter-output>
        </test-method> <!-- addleads_fromsidemenu_button_checks -->
      </class> <!-- sirmayaCRM.Main_Test -->
    </test> <!-- Test -->
  </suite> <!-- Suite -->
</testng-results>
