<?xml version="1.0" encoding="UTF-8"?>
<!-- Generated by org.testng.reporters.JUnitXMLReporter -->
<testsuite hostname="HAMZA" ignored="13" name="Regression" tests="3" failures="0" timestamp="18 Feb 2019 14:23:38 GMT" time="0.126" errors="0">
  <testcase name="testcase1" time="0.032" classname="basic.TestNG1"/>
  <testcase name="testcase2" time="0.009" classname="basic.TestNG1"/>
  <testcase name="CreditcardDept" time="0.003" classname="basic.TestNG4"/>
  <testcase name="HealthcardDept" time="0.0" classname="basic.TestNG6">
    <ignored/>
  </testcase> <!-- HealthcardDept -->
  <testcase name="CardLoanDept" time="0.0" classname="basic.TestNG3">
    <ignored/>
  </testcase> <!-- CardLoanDept -->
  <testcase name="HomeLoanDept2" time="0.0" classname="basic.TestNG3">
    <ignored/>
  </testcase> <!-- HomeLoanDept2 -->
  <testcase name="HomeLoanDept1" time="0.0" classname="basic.TestNG3">
    <ignored/>
  </testcase> <!-- HomeLoanDept1 -->
  <testcase name="aftertest4" time="0.0" classname="basic.TestNG5">
    <ignored/>
  </testcase> <!-- aftertest4 -->
  <testcase name="aftertest4" time="0.0" classname="basic.TestNG6">
    <ignored/>
  </testcase> <!-- aftertest4 -->
  <testcase name="debitcardDept" time="0.0" classname="basic.TestNG5">
    <ignored/>
  </testcase> <!-- debitcardDept -->
  <testcase name="debitcardDept" time="0.0" classname="basic.TestNG4">
    <ignored/>
  </testcase> <!-- debitcardDept -->
  <testcase name="debitcardDept" time="0.0" classname="basic.TestNG6">
    <ignored/>
  </testcase> <!-- debitcardDept -->
  <testcase name="CreditcardDept" time="0.0" classname="basic.TestNG5">
    <ignored/>
  </testcase> <!-- CreditcardDept -->
  <testcase name="CarLoanDept" time="0.0" classname="basic.TestNG3">
    <ignored/>
  </testcase> <!-- CarLoanDept -->
  <testcase name="CreditcardDept" time="0.0" classname="basic.TestNG6">
    <ignored/>
  </testcase> <!-- CreditcardDept -->
  <testcase name="testcase3" time="0.0" classname="basic.TestNG2">
    <ignored/>
  </testcase> <!-- testcase3 -->
</testsuite> <!-- Regression -->
